Using pre-set license
Built from '2022.3/staging' branch; Version is '2022.3.22f1 (887be4894c44) revision 8944612'; Using compiler version '192829333'; Build Type 'Release'
OS: 'Windows 10  (10.0.19043) 64bit Professional' Language: 'ru' Physical Memory: 8136 MB
BatchMode: 1, IsHumanControllingUs: 0, StartBugReporterOnCrash: 0, Is64bit: 1, IsPro: 1

COMMAND LINE ARGUMENTS:
C:\Program Files\Unity\Hub\Editor\2022.3.22f1\Editor\Unity.exe
-adb2
-batchMode
-noUpm
-name
AssetImportWorker0
-projectPath
D:/toest
-logFile
Logs/AssetImportWorker0.log
-srvPort
49402
Successfully changed project path to: D:/toest
D:/toest
[UnityMemory] Configuration Parameters - Can be set up in boot.config
    "memorysetup-bucket-allocator-granularity=16"
    "memorysetup-bucket-allocator-bucket-count=8"
    "memorysetup-bucket-allocator-block-size=33554432"
    "memorysetup-bucket-allocator-block-count=8"
    "memorysetup-main-allocator-block-size=16777216"
    "memorysetup-thread-allocator-block-size=16777216"
    "memorysetup-gfx-main-allocator-block-size=16777216"
    "memorysetup-gfx-thread-allocator-block-size=16777216"
    "memorysetup-cache-allocator-block-size=4194304"
    "memorysetup-typetree-allocator-block-size=2097152"
    "memorysetup-profiler-bucket-allocator-granularity=16"
    "memorysetup-profiler-bucket-allocator-bucket-count=8"
    "memorysetup-profiler-bucket-allocator-block-size=33554432"
    "memorysetup-profiler-bucket-allocator-block-count=8"
    "memorysetup-profiler-allocator-block-size=16777216"
    "memorysetup-profiler-editor-allocator-block-size=1048576"
    "memorysetup-temp-allocator-size-main=16777216"
    "memorysetup-job-temp-allocator-block-size=2097152"
    "memorysetup-job-temp-allocator-block-size-background=1048576"
    "memorysetup-job-temp-allocator-reduction-small-platforms=262144"
    "memorysetup-allocator-temp-initial-block-size-main=262144"
    "memorysetup-allocator-temp-initial-block-size-worker=262144"
    "memorysetup-temp-allocator-size-background-worker=32768"
    "memorysetup-temp-allocator-size-job-worker=262144"
    "memorysetup-temp-allocator-size-preload-manager=33554432"
    "memorysetup-temp-allocator-size-nav-mesh-worker=65536"
    "memorysetup-temp-allocator-size-audio-worker=65536"
    "memorysetup-temp-allocator-size-cloud-worker=32768"
    "memorysetup-temp-allocator-size-gi-baking-worker=262144"
    "memorysetup-temp-allocator-size-gfx=262144"
Player connection [16124] Host "[IP] 192.168.0.13 [Port] 0 [Flags] 2 [Guid] 2920175085 [EditorId] 2920175085 [Version] 1048832 [Id] WindowsEditor(7,303comp-003) [Debug] 1 [PackageName] WindowsEditor [ProjectName] Editor" joined multi-casting on [225.0.0.222:54997]...

Player connection [16124] Host "[IP] 192.168.0.13 [Port] 0 [Flags] 2 [Guid] 2920175085 [EditorId] 2920175085 [Version] 1048832 [Id] WindowsEditor(7,303comp-003) [Debug] 1 [PackageName] WindowsEditor [ProjectName] Editor" joined alternative multi-casting on [225.0.0.222:34997]...

[Physics::Module] Initialized MultithreadedJobDispatcher with 5 workers.
Refreshing native plugins compatible for Editor in 4.41 ms, found 2 plugins.
Preloading 0 native plugins for Editor in 0.00 ms.
Initialize engine version: 2022.3.22f1 (887be4894c44)
[Subsystems] Discovering subsystems at path C:/Program Files/Unity/Hub/Editor/2022.3.22f1/Editor/Data/Resources/UnitySubsystems
[Subsystems] Discovering subsystems at path D:/toest/Assets
GfxDevice: creating device client; threaded=0; jobified=0
Direct3D:
    Version:  Direct3D 11.0 [level 11.0]
    Renderer: NVIDIA GeForce GT 730 (ID=0x1287)
    Vendor:   NVIDIA
    VRAM:     984 MB
    Driver:   30.0.14.7239
Initialize mono
Mono path[0] = 'C:/Program Files/Unity/Hub/Editor/2022.3.22f1/Editor/Data/Managed'
Mono path[1] = 'C:/Program Files/Unity/Hub/Editor/2022.3.22f1/Editor/Data/MonoBleedingEdge/lib/mono/unityjit-win32'
Mono config path = 'C:/Program Files/Unity/Hub/Editor/2022.3.22f1/Editor/Data/MonoBleedingEdge/etc'
Using monoOptions --debugger-agent=transport=dt_socket,embedding=1,server=y,suspend=n,address=127.0.0.1:56120
Begin MonoManager ReloadAssembly
Registering precompiled unity dll's ...
Register platform support module: C:/Program Files/Unity/Hub/Editor/2022.3.22f1/Editor/Data/PlaybackEngines/WebGLSupport/UnityEditor.WebGL.Extensions.dll
Register platform support module: C:/Program Files/Unity/Hub/Editor/2022.3.22f1/Editor/Data/PlaybackEngines/AndroidPlayer/UnityEditor.Android.Extensions.dll
Register platform support module: C:/Program Files/Unity/Hub/Editor/2022.3.22f1/Editor/Data/PlaybackEngines/iOSSupport/UnityEditor.iOS.Extensions.dll
Register platform support module: C:/Program Files/Unity/Hub/Editor/2022.3.22f1/Editor/Data/PlaybackEngines/WindowsStandaloneSupport/UnityEditor.WindowsStandalone.Extensions.dll
Registered in 0.009702 seconds.
- Loaded All Assemblies, in  0.372 seconds
Native extension for WindowsStandalone target not found
[usbmuxd] Start listen thread
[usbmuxd] Listen thread started
Native extension for iOS target not found
Native extension for Android target not found
Android Extension - Scanning For ADB Devices 321 ms
Native extension for WebGL target not found
Mono: successfully reloaded assembly
- Finished resetting the current domain, in  0.662 seconds
Domain Reload Profiling: 1033ms
	BeginReloadAssembly (112ms)
		ExecutionOrderSort (0ms)
		DisableScriptedObjects (0ms)
		BackupInstance (0ms)
		ReleaseScriptingObjects (0ms)
		CreateAndSetChildDomain (1ms)
	RebuildCommonClasses (35ms)
	RebuildNativeTypeToScriptingClass (12ms)
	initialDomainReloadingComplete (56ms)
	LoadAllAssembliesAndSetupDomain (157ms)
		LoadAssemblies (112ms)
		RebuildTransferFunctionScriptingTraits (0ms)
		AnalyzeDomain (154ms)
			TypeCache.Refresh (152ms)
				TypeCache.ScanAssembly (138ms)
			ScanForSourceGeneratedMonoScriptInfo (0ms)
			ResolveRequiredComponents (0ms)
	FinalizeReload (662ms)
		ReleaseScriptCaches (0ms)
		RebuildScriptCaches (0ms)
		SetupLoadedEditorAssemblies (604ms)
			LogAssemblyErrors (0ms)
			InitializePlatformSupportModulesInManaged (439ms)
			SetLoadedEditorAssemblies (3ms)
			RefreshPlugins (0ms)
			BeforeProcessingInitializeOnLoad (3ms)
			ProcessInitializeOnLoadAttributes (114ms)
			ProcessInitializeOnLoadMethodAttributes (45ms)
			AfterProcessingInitializeOnLoad (0ms)
			EditorAssembliesLoaded (0ms)
		ExecutionOrderSort2 (0ms)
		AwakeInstancesAfterBackupRestoration (0ms)
========================================================================
Worker process is ready to serve import requests
Begin MonoManager ReloadAssembly
- Loaded All Assemblies, in  0.501 seconds
Refreshing native plugins compatible for Editor in 1.37 ms, found 2 plugins.
Native extension for WindowsStandalone target not found
Native extension for iOS target not found
Native extension for Android target not found
Native extension for WebGL target not found
Package Manager log level set to [2]
[Package Manager] Server::EnsureServerProcessIsRunning -- launch failed, reason: Unity was launched with the -noUpm command-line argument
[Package Manager] UpmClient::Send -- Unable to send message (not connected to UPM process).
[Package Manager] Cannot connect to Unity Package Manager local server
Mono: successfully reloaded assembly
- Finished resetting the current domain, in  0.576 seconds
Domain Reload Profiling: 1078ms
	BeginReloadAssembly (152ms)
		ExecutionOrderSort (0ms)
		DisableScriptedObjects (6ms)
		BackupInstance (0ms)
		ReleaseScriptingObjects (0ms)
		CreateAndSetChildDomain (23ms)
	RebuildCommonClasses (36ms)
	RebuildNativeTypeToScriptingClass (12ms)
	initialDomainReloadingComplete (37ms)
	LoadAllAssembliesAndSetupDomain (263ms)
		LoadAssemblies (238ms)
		RebuildTransferFunctionScriptingTraits (0ms)
		AnalyzeDomain (115ms)
			TypeCache.Refresh (100ms)
				TypeCache.ScanAssembly (85ms)
			ScanForSourceGeneratedMonoScriptInfo (10ms)
			ResolveRequiredComponents (4ms)
	FinalizeReload (577ms)
		ReleaseScriptCaches (0ms)
		RebuildScriptCaches (0ms)
		SetupLoadedEditorAssemblies (411ms)
			LogAssemblyErrors (0ms)
			InitializePlatformSupportModulesInManaged (36ms)
			SetLoadedEditorAssemblies (3ms)
			RefreshPlugins (0ms)
			BeforeProcessingInitializeOnLoad (43ms)
			ProcessInitializeOnLoadAttributes (297ms)
			ProcessInitializeOnLoadMethodAttributes (29ms)
			AfterProcessingInitializeOnLoad (3ms)
			EditorAssembliesLoaded (0ms)
		ExecutionOrderSort2 (0ms)
		AwakeInstancesAfterBackupRestoration (7ms)
Launched and connected shader compiler UnityShaderCompiler.exe after 0.04 seconds
Refreshing native plugins compatible for Editor in 1.48 ms, found 2 plugins.
Preloading 0 native plugins for Editor in 0.00 ms.
Unloading 1713 Unused Serialized files (Serialized files now loaded: 0)
Unloading 42 unused Assets / (127.3 KB). Loaded Objects now: 2184.
Memory consumption went from 96.3 MB to 96.2 MB.
Total: 2.851200 ms (FindLiveObjects: 0.156000 ms CreateObjectMapping: 0.087500 ms MarkObjects: 2.501100 ms  DeleteObjects: 0.105400 ms)

AssetImportParameters requested are different than current active one (requested -> active):
  custom:video-decoder-webm-vp8: 9c59270c3fd7afecdb556c50c9e8de78 -> 
  custom:SearchIndexIgnoredProperties: e643bd26f0fe6173181afceb89e7c659 -> 
  custom:container-demuxer-ogg: 62fdf1f143b41e24485cea50d1cbac27 -> 
  custom:AudioImporter_EditorPlatform: d09bf68614088b80899f8185d706f6e7 -> 
  custom:video-decoder-ogg-theora: a1e56fd34408186e4bbccfd4996cb3dc -> 
  custom:framework-win-MediaFoundation: 216162199b28c13a410421893ffa2e32 -> 
  custom:video-encoder-webm-vp8: eb34c28f22e8b96e1ab97ce403110664 -> 
  custom:audio-decoder-ogg-vorbis: bf7c407c2cedff20999df2af8eb42d56 -> 
  custom:CustomObjectIndexerAttribute: 9a22284fe3817be447336de3de66b15e -> 
  custom:container-demuxer-webm: 4f35f7cbe854078d1ac9338744f61a02 -> 
  custom:audio-encoder-webm-vorbis: bf7c407c2cedff20999df2af8eb42d56 -> 
  custom:container-muxer-webm: aa71ff27fc2769a1b78a27578f13a17b -> 
========================================================================
Received Import Request.
  Time since last request: 13434.733563 seconds.
  path: Assets/Scenes
  artifactKey: Guid(9f950148325fd40538c6d104e9f1371f) Importer(815301076,1909f56bfc062723c751e8b465ee728b)
Start importing Assets/Scenes using Guid(9f950148325fd40538c6d104e9f1371f) Importer(815301076,1909f56bfc062723c751e8b465ee728b)  -> (artifact id: '1766895b2a40a9deb2d647edeb185574') in 0.002638 seconds
Number of updated asset objects reloaded before import = 0
Number of asset objects unloaded after import = 0
========================================================================
Received Import Request.
  Time since last request: 0.000017 seconds.
  path: Assets/Scenes/SampleScene.unity
  artifactKey: Guid(2cda990e2423bbf4892e6590ba056729) Importer(815301076,1909f56bfc062723c751e8b465ee728b)
Start importing Assets/Scenes/SampleScene.unity using Guid(2cda990e2423bbf4892e6590ba056729) Importer(815301076,1909f56bfc062723c751e8b465ee728b)  -> (artifact id: '4ce467ee6deff101d539c1c2ef4ed04e') in 0.000351 seconds
Number of updated asset objects reloaded before import = 0
Number of asset objects unloaded after import = 0
========================================================================
Received Import Request.
  Time since last request: 13.789206 seconds.
  path: Assets/Resources
  artifactKey: Guid(c750c13b9ae6047e39830d8eda96b75f) Importer(815301076,1909f56bfc062723c751e8b465ee728b)
Start importing Assets/Resources using Guid(c750c13b9ae6047e39830d8eda96b75f) Importer(815301076,1909f56bfc062723c751e8b465ee728b)  -> (artifact id: '10194e01b94135fc3537ada4fbdbdde2') in 0.000414 seconds
Number of updated asset objects reloaded before import = 0
Number of asset objects unloaded after import = 0
========================================================================
Received Import Request.
  Time since last request: 0.045628 seconds.
  path: Assets/Resources/map.png
  artifactKey: Guid(8e3a5c31a2b9c47a9a18cbc7fbbcb90a) Importer(815301076,1909f56bfc062723c751e8b465ee728b)
Start importing Assets/Resources/map.png using Guid(8e3a5c31a2b9c47a9a18cbc7fbbcb90a) Importer(815301076,1909f56bfc062723c751e8b465ee728b)  -> (artifact id: 'ce944d27b6a35574a16af2c5d78dc7cc') in 0.076489 seconds
Number of updated asset objects reloaded before import = 0
Number of asset objects unloaded after import = 3
========================================================================
Received Import Request.
  Time since last request: 2.759013 seconds.
  path: Assets/Resources/Prefabs
  artifactKey: Guid(de7eac62757f345d1a06593b5faabcc2) Importer(815301076,1909f56bfc062723c751e8b465ee728b)
Start importing Assets/Resources/Prefabs using Guid(de7eac62757f345d1a06593b5faabcc2) Importer(815301076,1909f56bfc062723c751e8b465ee728b)  -> (artifact id: 'd975284196297411eab36dc1cdf06f29') in 0.000444 seconds
Number of updated asset objects reloaded before import = 0
Number of asset objects unloaded after import = 0
========================================================================
Received Import Request.
  Time since last request: 0.065921 seconds.
  path: Assets/Resources/Prefabs/Desk.prefab
  artifactKey: Guid(8335621eb795741d0bacd99f7822b2a6) Importer(815301076,1909f56bfc062723c751e8b465ee728b)
Start importing Assets/Resources/Prefabs/Desk.prefab using Guid(8335621eb795741d0bacd99f7822b2a6) Importer(815301076,1909f56bfc062723c751e8b465ee728b)  -> (artifact id: '445cc401e084a64918ae7c795ddd812b') in 0.018636 seconds
Number of updated asset objects reloaded before import = 0
Number of asset objects unloaded after import = 164
========================================================================
Received Import Request.
  Time since last request: 0.000013 seconds.
  path: Assets/Resources/Prefabs/Inventory.prefab
  artifactKey: Guid(bb2dc317b938e45c9932dcdab92ac911) Importer(815301076,1909f56bfc062723c751e8b465ee728b)
Start importing Assets/Resources/Prefabs/Inventory.prefab using Guid(bb2dc317b938e45c9932dcdab92ac911) Importer(815301076,1909f56bfc062723c751e8b465ee728b)  -> (artifact id: 'c1ecfbf40a4a7f7863b5e7d7346bb116') in 0.004358 seconds
Number of updated asset objects reloaded before import = 0
Number of asset objects unloaded after import = 137
========================================================================
Received Import Request.
  Time since last request: 0.000014 seconds.
  path: Assets/Resources/Prefabs/Shop.prefab
  artifactKey: Guid(133051ad7cca54af1bd33951b0083ff6) Importer(815301076,1909f56bfc062723c751e8b465ee728b)
Start importing Assets/Resources/Prefabs/Shop.prefab using Guid(133051ad7cca54af1bd33951b0083ff6) Importer(815301076,1909f56bfc062723c751e8b465ee728b)  -> (artifact id: 'a8dc5007f52ce972b6407e84d4ca67ec') in 0.004262 seconds
Number of updated asset objects reloaded before import = 0
Number of asset objects unloaded after import = 117
========================================================================
Received Import Request.
  Time since last request: 41.736669 seconds.
  path: Assets/Scripts
  artifactKey: Guid(6201f4368b2ae49709085cfc056260ea) Importer(815301076,1909f56bfc062723c751e8b465ee728b)
Start importing Assets/Scripts using Guid(6201f4368b2ae49709085cfc056260ea) Importer(815301076,1909f56bfc062723c751e8b465ee728b)  -> (artifact id: 'b60c2df88fa921d9ca1ddd1a73cf9243') in 0.000475 seconds
Number of updated asset objects reloaded before import = 0
Number of asset objects unloaded after import = 0
========================================================================
Received Import Request.
  Time since last request: 0.715832 seconds.
  path: Assets/Scripts/Crop.cs
  artifactKey: Guid(9431dbb12655a46d09feb95ded653f91) Importer(815301076,1909f56bfc062723c751e8b465ee728b)
Start importing Assets/Scripts/Crop.cs using Guid(9431dbb12655a46d09feb95ded653f91) Importer(815301076,1909f56bfc062723c751e8b465ee728b)  -> (artifact id: '9518db04ef45ed90c9a64c37309e115a') in 0.000400 seconds
Number of updated asset objects reloaded before import = 0
Number of asset objects unloaded after import = 0
========================================================================
Received Import Request.
  Time since last request: 24.304055 seconds.
  path: Assets/Resources/Decorations
  artifactKey: Guid(9112e175b50ad4b4f8d30333743f2234) Importer(815301076,1909f56bfc062723c751e8b465ee728b)
Start importing Assets/Resources/Decorations using Guid(9112e175b50ad4b4f8d30333743f2234) Importer(815301076,1909f56bfc062723c751e8b465ee728b)  -> (artifact id: '707059dfc18d96db38850bc1592aaa4f') in 0.000464 seconds
Number of updated asset objects reloaded before import = 0
Number of asset objects unloaded after import = 0
========================================================================
Received Import Request.
  Time since last request: 0.065223 seconds.
  path: Assets/Resources/Decorations/Cactus.png
  artifactKey: Guid(b9e816ebc805f45108ea5635d47bf730) Importer(815301076,1909f56bfc062723c751e8b465ee728b)
Start importing Assets/Resources/Decorations/Cactus.png using Guid(b9e816ebc805f45108ea5635d47bf730) Importer(815301076,1909f56bfc062723c751e8b465ee728b)  -> (artifact id: 'd756a0c06d51114e508db50b52f74612') in 0.007984 seconds
Number of updated asset objects reloaded before import = 0
Number of asset objects unloaded after import = 3
========================================================================
Received Import Request.
  Time since last request: 0.000066 seconds.
  path: Assets/Resources/Decorations/chest.png
  artifactKey: Guid(f2a4697b682af46dfa548c06dd6e21ae) Importer(815301076,1909f56bfc062723c751e8b465ee728b)
Start importing Assets/Resources/Decorations/chest.png using Guid(f2a4697b682af46dfa548c06dd6e21ae) Importer(815301076,1909f56bfc062723c751e8b465ee728b)  -> (artifact id: 'f828a74a8aed6ca9e234a49a2515077d') in 0.006839 seconds
Number of updated asset objects reloaded before import = 0
Number of asset objects unloaded after import = 3
========================================================================
Received Import Request.
  Time since last request: 6.598657 seconds.
  path: Assets/Resources/Food
  artifactKey: Guid(14d460ec18f6943f39dbfd4a831f5cca) Importer(815301076,1909f56bfc062723c751e8b465ee728b)
Start importing Assets/Resources/Food using Guid(14d460ec18f6943f39dbfd4a831f5cca) Importer(815301076,1909f56bfc062723c751e8b465ee728b)  -> (artifact id: '40d7ae5cacf3c4f5912f0c3f3193b924') in 0.000574 seconds
Number of updated asset objects reloaded before import = 0
Number of asset objects unloaded after import = 0
========================================================================
Received Import Request.
  Time since last request: 0.056616 seconds.
  path: Assets/Resources/Food/beet.png
  artifactKey: Guid(f6b54e74924ba474d84832da5d274102) Importer(815301076,1909f56bfc062723c751e8b465ee728b)
Start importing Assets/Resources/Food/beet.png using Guid(f6b54e74924ba474d84832da5d274102) Importer(815301076,1909f56bfc062723c751e8b465ee728b)  -> (artifact id: '9a7f8be3176c42471644fd8b99d6d7aa') in 0.008929 seconds
Number of updated asset objects reloaded before import = 0
Number of asset objects unloaded after import = 3
========================================================================
Received Import Request.
  Time since last request: 0.000089 seconds.
  path: Assets/Resources/Food/crop.png
  artifactKey: Guid(fd4b8c2898d514fae88f94e76e505752) Importer(815301076,1909f56bfc062723c751e8b465ee728b)
Start importing Assets/Resources/Food/crop.png using Guid(fd4b8c2898d514fae88f94e76e505752) Importer(815301076,1909f56bfc062723c751e8b465ee728b)  -> (artifact id: '0eceb28483a1275991c9eb63ff5a8396') in 0.006750 seconds
Number of updated asset objects reloaded before import = 0
Number of asset objects unloaded after import = 3
========================================================================
Received Import Request.
  Time since last request: 0.000085 seconds.
  path: Assets/Resources/Food/seeds.png
  artifactKey: Guid(ff6f34b93fe7641528dae1f892a34bb5) Importer(815301076,1909f56bfc062723c751e8b465ee728b)
Start importing Assets/Resources/Food/seeds.png using Guid(ff6f34b93fe7641528dae1f892a34bb5) Importer(815301076,1909f56bfc062723c751e8b465ee728b)  -> (artifact id: 'aa4a71be8a1278cca825c25c408d9863') in 0.005396 seconds
Number of updated asset objects reloaded before import = 0
Number of asset objects unloaded after import = 3
========================================================================
Received Import Request.
  Time since last request: 0.000013 seconds.
  path: Assets/Resources/Food/empty.png
  artifactKey: Guid(c18da920f6a5f48e6ba277b117887c2f) Importer(815301076,1909f56bfc062723c751e8b465ee728b)
Start importing Assets/Resources/Food/empty.png using Guid(c18da920f6a5f48e6ba277b117887c2f) Importer(815301076,1909f56bfc062723c751e8b465ee728b)  -> (artifact id: 'bb5826185b789cca099e6b1e5ea49176') in 0.005671 seconds
Number of updated asset objects reloaded before import = 0
Number of asset objects unloaded after import = 3
========================================================================
Received Import Request.
  Time since last request: 0.000015 seconds.
  path: Assets/Resources/Food/eggplant.png
  artifactKey: Guid(1318822b4bd234c0db9938f626576ab2) Importer(815301076,1909f56bfc062723c751e8b465ee728b)
Start importing Assets/Resources/Food/eggplant.png using Guid(1318822b4bd234c0db9938f626576ab2) Importer(815301076,1909f56bfc062723c751e8b465ee728b)  -> (artifact id: 'bda605cf78ab5209f8870f6e1b4e4154') in 0.006159 seconds
Number of updated asset objects reloaded before import = 0
Number of asset objects unloaded after import = 3
========================================================================
Received Import Request.
  Time since last request: 0.000014 seconds.
  path: Assets/Resources/Food/extraDirt.png
  artifactKey: Guid(145b8b73f7fe0421f9ba4cb7f5227ff5) Importer(815301076,1909f56bfc062723c751e8b465ee728b)
Start importing Assets/Resources/Food/extraDirt.png using Guid(145b8b73f7fe0421f9ba4cb7f5227ff5) Importer(815301076,1909f56bfc062723c751e8b465ee728b)  -> (artifact id: '886e9ee440d24f20b08f92725befc5e5') in 0.017403 seconds
Number of updated asset objects reloaded before import = 0
Number of asset objects unloaded after import = 3
========================================================================
Received Import Request.
  Time since last request: 0.000067 seconds.
  path: Assets/Resources/Food/carrot.png
  artifactKey: Guid(64729ddc2e95941268214915a86c64f7) Importer(815301076,1909f56bfc062723c751e8b465ee728b)
Start importing Assets/Resources/Food/carrot.png using Guid(64729ddc2e95941268214915a86c64f7) Importer(815301076,1909f56bfc062723c751e8b465ee728b)  -> (artifact id: '2402c924ecda8278a2496bc01e1c9742') in 0.018175 seconds
Number of updated asset objects reloaded before import = 0
Number of asset objects unloaded after import = 3
========================================================================
Received Import Request.
  Time since last request: 0.000100 seconds.
  path: Assets/Resources/Food/pumpkin.png
  artifactKey: Guid(5edadac7301fd4e779b8af17ca05b646) Importer(815301076,1909f56bfc062723c751e8b465ee728b)
Start importing Assets/Resources/Food/pumpkin.png using Guid(5edadac7301fd4e779b8af17ca05b646) Importer(815301076,1909f56bfc062723c751e8b465ee728b)  -> (artifact id: 'c870f607d20340d47b93db69f97df211') in 0.013978 seconds
Number of updated asset objects reloaded before import = 0
Number of asset objects unloaded after import = 3
========================================================================
Received Import Request.
  Time since last request: 0.000066 seconds.
  path: Assets/Resources/Food/cropSelected.png
  artifactKey: Guid(b4dbd6713d030455fa02186457c102df) Importer(815301076,1909f56bfc062723c751e8b465ee728b)
Start importing Assets/Resources/Food/cropSelected.png using Guid(b4dbd6713d030455fa02186457c102df) Importer(815301076,1909f56bfc062723c751e8b465ee728b)  -> (artifact id: '26e293505391c5400f14330ccdf33574') in 0.018062 seconds
Number of updated asset objects reloaded before import = 0
Number of asset objects unloaded after import = 3
========================================================================
Received Import Request.
  Time since last request: 4.404366 seconds.
  path: Assets/Resources/Canvas
  artifactKey: Guid(73531150a35ae41b08a479ae74884d48) Importer(815301076,1909f56bfc062723c751e8b465ee728b)
Start importing Assets/Resources/Canvas using Guid(73531150a35ae41b08a479ae74884d48) Importer(815301076,1909f56bfc062723c751e8b465ee728b)  -> (artifact id: '21e58e0bf46e41fa8719a06f2e8f2cd6') in 0.000479 seconds
Number of updated asset objects reloaded before import = 0
Number of asset objects unloaded after import = 0
========================================================================
Received Import Request.
  Time since last request: 0.084295 seconds.
  path: Assets/Resources/Canvas/menu.png
  artifactKey: Guid(48174adc6d4fa4d04bcabdf9a3d99e1e) Importer(815301076,1909f56bfc062723c751e8b465ee728b)
Start importing Assets/Resources/Canvas/menu.png using Guid(48174adc6d4fa4d04bcabdf9a3d99e1e) Importer(815301076,1909f56bfc062723c751e8b465ee728b)  -> (artifact id: 'e209299a1a8f33a043e668cc7c59a6d8') in 0.011450 seconds
Number of updated asset objects reloaded before import = 0
Number of asset objects unloaded after import = 3
========================================================================
Received Import Request.
  Time since last request: 0.000124 seconds.
  path: Assets/Resources/Canvas/placeHolderSelected.png
  artifactKey: Guid(08a8b5840878a4777a66b17bd6a3d80c) Importer(815301076,1909f56bfc062723c751e8b465ee728b)
Start importing Assets/Resources/Canvas/placeHolderSelected.png using Guid(08a8b5840878a4777a66b17bd6a3d80c) Importer(815301076,1909f56bfc062723c751e8b465ee728b)  -> (artifact id: '63762246058d52ddb7688a8136c09dc9') in 0.007444 seconds
Number of updated asset objects reloaded before import = 0
Number of asset objects unloaded after import = 3
========================================================================
Received Import Request.
  Time since last request: 0.000066 seconds.
  path: Assets/Resources/Canvas/placeHolder.png
  artifactKey: Guid(4f9a09a33871a425da55c2b01807f91e) Importer(815301076,1909f56bfc062723c751e8b465ee728b)
Start importing Assets/Resources/Canvas/placeHolder.png using Guid(4f9a09a33871a425da55c2b01807f91e) Importer(815301076,1909f56bfc062723c751e8b465ee728b)  -> (artifact id: 'cf12eb595746601ff09351710f00ea59') in 0.006563 seconds
Number of updated asset objects reloaded before import = 0
Number of asset objects unloaded after import = 3
========================================================================
Received Import Request.
  Time since last request: 0.000014 seconds.
  path: Assets/Resources/Canvas/panel.png
  artifactKey: Guid(cd3af43a736cf49e09a4ee7ef877cd03) Importer(815301076,1909f56bfc062723c751e8b465ee728b)
Start importing Assets/Resources/Canvas/panel.png using Guid(cd3af43a736cf49e09a4ee7ef877cd03) Importer(815301076,1909f56bfc062723c751e8b465ee728b)  -> (artifact id: 'a2cb6d7afa58558d0903241c134479ce') in 0.007573 seconds
Number of updated asset objects reloaded before import = 0
Number of asset objects unloaded after import = 3
========================================================================
Received Import Request.
  Time since last request: 9.876937 seconds.
  path: Assets/Resources/Prefabs/Shop.prefab
  artifactKey: Guid(133051ad7cca54af1bd33951b0083ff6) Importer(815301076,1909f56bfc062723c751e8b465ee728b)
Start importing Assets/Resources/Prefabs/Shop.prefab using Guid(133051ad7cca54af1bd33951b0083ff6) Importer(815301076,1909f56bfc062723c751e8b465ee728b)  -> (artifact id: '6c7f257a8d7e70e21cb5b406ca23e4f2') in 0.005571 seconds
Number of updated asset objects reloaded before import = 0
Number of asset objects unloaded after import = 93
========================================================================
Received Import Request.
  Time since last request: 2.702278 seconds.
  path: Assets/Resources/Tools
  artifactKey: Guid(97996592804cf47a18eca330756ab553) Importer(815301076,1909f56bfc062723c751e8b465ee728b)
Start importing Assets/Resources/Tools using Guid(97996592804cf47a18eca330756ab553) Importer(815301076,1909f56bfc062723c751e8b465ee728b)  -> (artifact id: '132b789493990a7bb3d275cc44f2143b') in 0.000482 seconds
Number of updated asset objects reloaded before import = 0
Number of asset objects unloaded after import = 0
========================================================================
Received Import Request.
  Time since last request: 0.073991 seconds.
  path: Assets/Resources/Tools/Desk.png
  artifactKey: Guid(8d58026e57dd14fb0a925daccc1d7acf) Importer(815301076,1909f56bfc062723c751e8b465ee728b)
Start importing Assets/Resources/Tools/Desk.png using Guid(8d58026e57dd14fb0a925daccc1d7acf) Importer(815301076,1909f56bfc062723c751e8b465ee728b)  -> (artifact id: 'a780a68f306b5ef02c80519e43fe514a') in 0.012717 seconds
Number of updated asset objects reloaded before import = 0
Number of asset objects unloaded after import = 3
========================================================================
Received Import Request.
  Time since last request: 0.000102 seconds.
  path: Assets/Resources/Tools/DeskSelected.png
  artifactKey: Guid(91c6683ce7fa24495ab4a9156bfc0718) Importer(815301076,1909f56bfc062723c751e8b465ee728b)
Start importing Assets/Resources/Tools/DeskSelected.png using Guid(91c6683ce7fa24495ab4a9156bfc0718) Importer(815301076,1909f56bfc062723c751e8b465ee728b)  -> (artifact id: '494c56400f8f5258fbb800abe70b89d0') in 0.007567 seconds
Number of updated asset objects reloaded before import = 0
Number of asset objects unloaded after import = 3
========================================================================
Received Import Request.
  Time since last request: 0.000095 seconds.
  path: Assets/Resources/Tools/Shop.png
  artifactKey: Guid(84a45c532e84d4fcc9e570842278c4e8) Importer(815301076,1909f56bfc062723c751e8b465ee728b)
Start importing Assets/Resources/Tools/Shop.png using Guid(84a45c532e84d4fcc9e570842278c4e8) Importer(815301076,1909f56bfc062723c751e8b465ee728b)  -> (artifact id: '70aaaac582e92b404a436d231fea34a6') in 0.006919 seconds
Number of updated asset objects reloaded before import = 0
Number of asset objects unloaded after import = 3
========================================================================
Received Import Request.
  Time since last request: 0.000034 seconds.
  path: Assets/Resources/Tools/ShopEmpty.png
  artifactKey: Guid(e71652b9eb5d8456381719edf4c07cda) Importer(815301076,1909f56bfc062723c751e8b465ee728b)
Start importing Assets/Resources/Tools/ShopEmpty.png using Guid(e71652b9eb5d8456381719edf4c07cda) Importer(815301076,1909f56bfc062723c751e8b465ee728b)  -> (artifact id: 'a8808ccb0c22aa4e6075955ba2e093f2') in 0.005554 seconds
Number of updated asset objects reloaded before import = 0
Number of asset objects unloaded after import = 3
========================================================================
Received Import Request.
  Time since last request: 0.000014 seconds.
  path: Assets/Resources/Tools/Plow.png
  artifactKey: Guid(a782d2dea45154fceabeec3fdf6f6b45) Importer(815301076,1909f56bfc062723c751e8b465ee728b)
Start importing Assets/Resources/Tools/Plow.png using Guid(a782d2dea45154fceabeec3fdf6f6b45) Importer(815301076,1909f56bfc062723c751e8b465ee728b)  -> (artifact id: 'a6ccfe6a900e60cf7da35c15c9bc71a2') in 0.007028 seconds
Number of updated asset objects reloaded before import = 0
Number of asset objects unloaded after import = 3
========================================================================
Received Import Request.
  Time since last request: 63.329899 seconds.
  path: Assets/Resources/Prefabs/Shop.prefab
  artifactKey: Guid(133051ad7cca54af1bd33951b0083ff6) Importer(815301076,1909f56bfc062723c751e8b465ee728b)
Start importing Assets/Resources/Prefabs/Shop.prefab using Guid(133051ad7cca54af1bd33951b0083ff6) Importer(815301076,1909f56bfc062723c751e8b465ee728b)  -> (artifact id: 'cf2775848b9c27e12f585a31a7b9fdfa') in 0.003333 seconds
Number of updated asset objects reloaded before import = 0
Number of asset objects unloaded after import = 89
========================================================================
Received Import Request.
  Time since last request: 4.621962 seconds.
  path: Assets/Resources/Prefabs/Shop.prefab
  artifactKey: Guid(133051ad7cca54af1bd33951b0083ff6) Importer(815301076,1909f56bfc062723c751e8b465ee728b)
Start importing Assets/Resources/Prefabs/Shop.prefab using Guid(133051ad7cca54af1bd33951b0083ff6) Importer(815301076,1909f56bfc062723c751e8b465ee728b)  -> (artifact id: '884ff838344ffaaba151f76c72907fe6') in 0.002999 seconds
Number of updated asset objects reloaded before import = 0
Number of asset objects unloaded after import = 89
========================================================================
Received Import Request.
  Time since last request: 3.003709 seconds.
  path: Assets/Resources/Prefabs/Shop.prefab
  artifactKey: Guid(133051ad7cca54af1bd33951b0083ff6) Importer(815301076,1909f56bfc062723c751e8b465ee728b)
Start importing Assets/Resources/Prefabs/Shop.prefab using Guid(133051ad7cca54af1bd33951b0083ff6) Importer(815301076,1909f56bfc062723c751e8b465ee728b)  -> (artifact id: 'ede79ae86303b94c060a67e38abfe81b') in 0.002767 seconds
Number of updated asset objects reloaded before import = 0
Number of asset objects unloaded after import = 85
========================================================================
Received Import Request.
  Time since last request: 1.624207 seconds.
  path: Assets/Resources/Prefabs/Shop.prefab
  artifactKey: Guid(133051ad7cca54af1bd33951b0083ff6) Importer(815301076,1909f56bfc062723c751e8b465ee728b)
Start importing Assets/Resources/Prefabs/Shop.prefab using Guid(133051ad7cca54af1bd33951b0083ff6) Importer(815301076,1909f56bfc062723c751e8b465ee728b)  -> (artifact id: 'c6e7abed93cec7b7e758de3c7663867e') in 0.002998 seconds
Number of updated asset objects reloaded before import = 0
Number of asset objects unloaded after import = 81
========================================================================
Received Import Request.
  Time since last request: 0.619432 seconds.
  path: Assets/Resources/Prefabs/Shop.prefab
  artifactKey: Guid(133051ad7cca54af1bd33951b0083ff6) Importer(815301076,1909f56bfc062723c751e8b465ee728b)
Start importing Assets/Resources/Prefabs/Shop.prefab using Guid(133051ad7cca54af1bd33951b0083ff6) Importer(815301076,1909f56bfc062723c751e8b465ee728b)  -> (artifact id: '575e95849d58a431c8fb939aaa51fefc') in 0.002545 seconds
Number of updated asset objects reloaded before import = 0
Number of asset objects unloaded after import = 63
========================================================================
Received Import Request.
  Time since last request: 0.587175 seconds.
  path: Assets/Resources/Prefabs/Shop.prefab
  artifactKey: Guid(133051ad7cca54af1bd33951b0083ff6) Importer(815301076,1909f56bfc062723c751e8b465ee728b)
Start importing Assets/Resources/Prefabs/Shop.prefab using Guid(133051ad7cca54af1bd33951b0083ff6) Importer(815301076,1909f56bfc062723c751e8b465ee728b)  -> (artifact id: 'e3f86917496edfa76d7eaced4d8f9e38') in 0.002562 seconds
Number of updated asset objects reloaded before import = 0
Number of asset objects unloaded after import = 45
========================================================================
Received Import Request.
  Time since last request: 0.624719 seconds.
  path: Assets/Resources/Prefabs/Shop.prefab
  artifactKey: Guid(133051ad7cca54af1bd33951b0083ff6) Importer(815301076,1909f56bfc062723c751e8b465ee728b)
Start importing Assets/Resources/Prefabs/Shop.prefab using Guid(133051ad7cca54af1bd33951b0083ff6) Importer(815301076,1909f56bfc062723c751e8b465ee728b)  -> (artifact id: '55048d4fc9ad78359736d974058fa5fa') in 0.002760 seconds
Number of updated asset objects reloaded before import = 0
Number of asset objects unloaded after import = 23
========================================================================
Received Prepare
Begin MonoManager ReloadAssembly
- Loaded All Assemblies, in  0.325 seconds
Refreshing native plugins compatible for Editor in 1.31 ms, found 2 plugins.
Native extension for WindowsStandalone target not found
Native extension for iOS target not found
Native extension for Android target not found
Native extension for WebGL target not found
[Package Manager] Server::EnsureServerProcessIsRunning -- launch failed, reason: Unity was launched with the -noUpm command-line argument
[Package Manager] UpmClient::Send -- Unable to send message (not connected to UPM process).
[Package Manager] Cannot connect to Unity Package Manager local server
Mono: successfully reloaded assembly
- Finished resetting the current domain, in  0.711 seconds
Domain Reload Profiling: 1035ms
	BeginReloadAssembly (138ms)
		ExecutionOrderSort (0ms)
		DisableScriptedObjects (6ms)
		BackupInstance (0ms)
		ReleaseScriptingObjects (0ms)
		CreateAndSetChildDomain (29ms)
	RebuildCommonClasses (32ms)
	RebuildNativeTypeToScriptingClass (13ms)
	initialDomainReloadingComplete (22ms)
	LoadAllAssembliesAndSetupDomain (119ms)
		LoadAssemblies (188ms)
		RebuildTransferFunctionScriptingTraits (0ms)
		AnalyzeDomain (9ms)
			TypeCache.Refresh (4ms)
				TypeCache.ScanAssembly (0ms)
			ScanForSourceGeneratedMonoScriptInfo (0ms)
			ResolveRequiredComponents (4ms)
	FinalizeReload (711ms)
		ReleaseScriptCaches (0ms)
		RebuildScriptCaches (0ms)
		SetupLoadedEditorAssemblies (419ms)
			LogAssemblyErrors (0ms)
			InitializePlatformSupportModulesInManaged (38ms)
			SetLoadedEditorAssemblies (3ms)
			RefreshPlugins (0ms)
			BeforeProcessingInitializeOnLoad (46ms)
			ProcessInitializeOnLoadAttributes (303ms)
			ProcessInitializeOnLoadMethodAttributes (25ms)
			AfterProcessingInitializeOnLoad (4ms)
			EditorAssembliesLoaded (0ms)
		ExecutionOrderSort2 (0ms)
		AwakeInstancesAfterBackupRestoration (9ms)
Refreshing native plugins compatible for Editor in 1.60 ms, found 2 plugins.
Preloading 0 native plugins for Editor in 0.00 ms.
Unloading 1704 Unused Serialized files (Serialized files now loaded: 0)
Unloading 21 unused Assets / (99.9 KB). Loaded Objects now: 2229.
Memory consumption went from 96.3 MB to 96.2 MB.
Total: 2.644500 ms (FindLiveObjects: 0.175900 ms CreateObjectMapping: 0.098600 ms MarkObjects: 2.315000 ms  DeleteObjects: 0.053100 ms)

Prepare: number of updated asset objects reloaded= 0
AssetImportParameters requested are different than current active one (requested -> active):
  custom:video-decoder-webm-vp8: 9c59270c3fd7afecdb556c50c9e8de78 -> 
  custom:SearchIndexIgnoredProperties: e643bd26f0fe6173181afceb89e7c659 -> 
  custom:container-demuxer-ogg: 62fdf1f143b41e24485cea50d1cbac27 -> 
  custom:AudioImporter_EditorPlatform: d09bf68614088b80899f8185d706f6e7 -> 
  custom:video-decoder-ogg-theora: a1e56fd34408186e4bbccfd4996cb3dc -> 
  custom:framework-win-MediaFoundation: 216162199b28c13a410421893ffa2e32 -> 
  custom:video-encoder-webm-vp8: eb34c28f22e8b96e1ab97ce403110664 -> 
  custom:audio-decoder-ogg-vorbis: bf7c407c2cedff20999df2af8eb42d56 -> 
  custom:CustomObjectIndexerAttribute: 9a22284fe3817be447336de3de66b15e -> 
  custom:container-demuxer-webm: 4f35f7cbe854078d1ac9338744f61a02 -> 
  custom:audio-encoder-webm-vorbis: bf7c407c2cedff20999df2af8eb42d56 -> 
  custom:container-muxer-webm: aa71ff27fc2769a1b78a27578f13a17b -> 
========================================================================
Received Import Request.
  Time since last request: 50.041560 seconds.
  path: Assets/Resources/Prefabs/Desk.prefab
  artifactKey: Guid(8335621eb795741d0bacd99f7822b2a6) Importer(815301076,1909f56bfc062723c751e8b465ee728b)
Start importing Assets/Resources/Prefabs/Desk.prefab using Guid(8335621eb795741d0bacd99f7822b2a6) Importer(815301076,1909f56bfc062723c751e8b465ee728b)  -> (artifact id: '292678f20b90bbf8973825e055c524e9') in 0.033150 seconds
Number of updated asset objects reloaded before import = 0
Number of asset objects unloaded after import = 159
========================================================================
Received Import Request.
  Time since last request: 0.938720 seconds.
  path: Assets/Resources/Prefabs/Desk.prefab
  artifactKey: Guid(8335621eb795741d0bacd99f7822b2a6) Importer(815301076,1909f56bfc062723c751e8b465ee728b)
Start importing Assets/Resources/Prefabs/Desk.prefab using Guid(8335621eb795741d0bacd99f7822b2a6) Importer(815301076,1909f56bfc062723c751e8b465ee728b)  -> (artifact id: 'ac4e9081a8a037366c680394c00d9f61') in 0.002747 seconds
Number of updated asset objects reloaded before import = 0
Number of asset objects unloaded after import = 85
========================================================================
Received Import Request.
  Time since last request: 37.188988 seconds.
  path: Assets/Resources/Prefabs/Desk.prefab
  artifactKey: Guid(8335621eb795741d0bacd99f7822b2a6) Importer(815301076,1909f56bfc062723c751e8b465ee728b)
Start importing Assets/Resources/Prefabs/Desk.prefab using Guid(8335621eb795741d0bacd99f7822b2a6) Importer(815301076,1909f56bfc062723c751e8b465ee728b)  -> (artifact id: 'a82b0bce1c1b19aec9b71dd5761ecc7c') in 0.002636 seconds
Number of updated asset objects reloaded before import = 0
Number of asset objects unloaded after import = 85
========================================================================
Received Import Request.
  Time since last request: 4.958740 seconds.
  path: Assets/Resources/Prefabs/Desk.prefab
  artifactKey: Guid(8335621eb795741d0bacd99f7822b2a6) Importer(815301076,1909f56bfc062723c751e8b465ee728b)
Start importing Assets/Resources/Prefabs/Desk.prefab using Guid(8335621eb795741d0bacd99f7822b2a6) Importer(815301076,1909f56bfc062723c751e8b465ee728b)  -> (artifact id: '47cd9d6ea553ffc8a8b92fb37a6a5318') in 0.002700 seconds
Number of updated asset objects reloaded before import = 0
Number of asset objects unloaded after import = 81
========================================================================
Received Import Request.
  Time since last request: 39.368123 seconds.
  path: Assets/Resources/Prefabs/Inventory.prefab
  artifactKey: Guid(bb2dc317b938e45c9932dcdab92ac911) Importer(815301076,1909f56bfc062723c751e8b465ee728b)
Start importing Assets/Resources/Prefabs/Inventory.prefab using Guid(bb2dc317b938e45c9932dcdab92ac911) Importer(815301076,1909f56bfc062723c751e8b465ee728b)  -> (artifact id: '3c441dc8ae32260ec915c42395c3f61a') in 0.003977 seconds
Number of updated asset objects reloaded before import = 0
Number of asset objects unloaded after import = 136
========================================================================
Received Import Request.
  Time since last request: 3.613664 seconds.
  path: Assets/Resources/Prefabs/Inventory.prefab
  artifactKey: Guid(bb2dc317b938e45c9932dcdab92ac911) Importer(815301076,1909f56bfc062723c751e8b465ee728b)
Start importing Assets/Resources/Prefabs/Inventory.prefab using Guid(bb2dc317b938e45c9932dcdab92ac911) Importer(815301076,1909f56bfc062723c751e8b465ee728b)  -> (artifact id: '694569815a2c69ab818b79ff8eca5b35') in 0.003513 seconds
Number of updated asset objects reloaded before import = 0
Number of asset objects unloaded after import = 136
========================================================================
Received Import Request.
  Time since last request: 11.283751 seconds.
  path: Assets/Resources/Prefabs/Inventory.prefab
  artifactKey: Guid(bb2dc317b938e45c9932dcdab92ac911) Importer(815301076,1909f56bfc062723c751e8b465ee728b)
Start importing Assets/Resources/Prefabs/Inventory.prefab using Guid(bb2dc317b938e45c9932dcdab92ac911) Importer(815301076,1909f56bfc062723c751e8b465ee728b)  -> (artifact id: 'b26e8a921bd63ef135fd7c0977ac2c58') in 0.004233 seconds
Number of updated asset objects reloaded before import = 0
Number of asset objects unloaded after import = 136
========================================================================
Received Import Request.
  Time since last request: 5.722298 seconds.
  path: Assets/Resources/Prefabs/Inventory.prefab
  artifactKey: Guid(bb2dc317b938e45c9932dcdab92ac911) Importer(815301076,1909f56bfc062723c751e8b465ee728b)
Start importing Assets/Resources/Prefabs/Inventory.prefab using Guid(bb2dc317b938e45c9932dcdab92ac911) Importer(815301076,1909f56bfc062723c751e8b465ee728b)  -> (artifact id: '168793f25777cef5208724963ba96283') in 0.003512 seconds
Number of updated asset objects reloaded before import = 0
Number of asset objects unloaded after import = 136
========================================================================
Received Import Request.
  Time since last request: 2.431712 seconds.
  path: Assets/Resources/Prefabs/Inventory.prefab
  artifactKey: Guid(bb2dc317b938e45c9932dcdab92ac911) Importer(815301076,1909f56bfc062723c751e8b465ee728b)
Start importing Assets/Resources/Prefabs/Inventory.prefab using Guid(bb2dc317b938e45c9932dcdab92ac911) Importer(815301076,1909f56bfc062723c751e8b465ee728b)  -> (artifact id: '037aa185f7611f186280b82fddaf37ad') in 0.003503 seconds
Number of updated asset objects reloaded before import = 0
Number of asset objects unloaded after import = 136
========================================================================
Received Import Request.
  Time since last request: 3.639259 seconds.
  path: Assets/Resources/Prefabs/Inventory.prefab
  artifactKey: Guid(bb2dc317b938e45c9932dcdab92ac911) Importer(815301076,1909f56bfc062723c751e8b465ee728b)
Start importing Assets/Resources/Prefabs/Inventory.prefab using Guid(bb2dc317b938e45c9932dcdab92ac911) Importer(815301076,1909f56bfc062723c751e8b465ee728b)  -> (artifact id: '8c38fe6980a7a56b573c1ee27ca55843') in 0.003744 seconds
Number of updated asset objects reloaded before import = 0
Number of asset objects unloaded after import = 136
========================================================================
Received Import Request.
  Time since last request: 4.651437 seconds.
  path: Assets/Resources/Prefabs/Inventory.prefab
  artifactKey: Guid(bb2dc317b938e45c9932dcdab92ac911) Importer(815301076,1909f56bfc062723c751e8b465ee728b)
Start importing Assets/Resources/Prefabs/Inventory.prefab using Guid(bb2dc317b938e45c9932dcdab92ac911) Importer(815301076,1909f56bfc062723c751e8b465ee728b)  -> (artifact id: '603edf8dc23218a391be2e0bf40ad2d7') in 0.004130 seconds
Number of updated asset objects reloaded before import = 0
Number of asset objects unloaded after import = 136
========================================================================
Received Import Request.
  Time since last request: 155.242324 seconds.
  path: Assets/Scripts/Desk.cs
  artifactKey: Guid(35fee76e0a45048c9ad23cbfca45db96) Importer(815301076,1909f56bfc062723c751e8b465ee728b)
Start importing Assets/Scripts/Desk.cs using Guid(35fee76e0a45048c9ad23cbfca45db96) Importer(815301076,1909f56bfc062723c751e8b465ee728b)  -> (artifact id: '69c9de69d6281d5d5d6f5f9f5d20b4bd') in 0.000382 seconds
Number of updated asset objects reloaded before import = 0
Number of asset objects unloaded after import = 0
